<?xml version="1.0" encoding="UTF-8"?>
<!-- Generated by org.testng.reporters.JUnitReportReporter -->
<testsuite skipped="0" hostname="XY440P" name="demo.AppTest" tests="1" failures="0" timestamp="2021-02-07T15:48:53 CST" time="0.012" errors="0">
  <testcase name="TestMethod1" time="0.012" classname="demo.AppTest"/>
  <system-out/>
</testsuite> <!-- demo.AppTest -->
